<?xml version="1.0" encoding="utf-8"?><testsuites name="pytest tests"><testsuite name="pytest" errors="0" failures="0" skipped="0" tests="37" time="1.371" timestamp="2026-09-21T10:24:25.504259+08:00" hostname="LAPTOP-EN4LK9RJ"><testcase classname="test_cart_api.TestCartAPI" name="test_add_to_cart[1-1-2-200]" time="0.076" /><testcase classname="test_cart_api.TestCartAPI" name="test_add_to_cart[9999-1-2-404]" time="0.039" /><testcase classname="test_cart_api.TestCartAPI" name="test_add_to_cart[1-9999-2-404]" time="0.036" /><testcase classname="test_cart_api.TestCartAPI" name="test_add_to_cart[1-1-99999-400]" time="0.066" /><testcase classname="test_cart_api.TestCartAPI" name="test_add_to_cart[1-1-0-422]" time="0.063" /><testcase classname="test_cart_api.TestCartAPI" name="test_add_to_cart[1-1--1-422]" time="0.048" /><testcase classname="test_cart_api.TestCartAPI" name="test_get_cart" time="0.056" /><testcase classname="test_cart_api.TestCartAPI" name="test_update_cart_quantity" time="0.065" /><testcase classname="test_cart_api.TestCartAPI" name="test_update_cart_not_exists" time="0.006" /><testcase classname="test_cart_api.TestCartAPI" name="test_delete_cart_item" time="0.067" /><testcase classname="test_cart_api.TestCartAPI" name="test_delete_cart_not_exists" time="0.008" /><testcase classname="test_cart_api.TestCartAPI" name="test_clear_cart" time="0.075" /><testcase classname="test_products_api.TestProductAPI" name="test_create_product_and_verify_db[\u732a\u732a\u73a9\u5076-12.99-50]" time="0.034" /><testcase classname="test_products_api.TestProductAPI" name="test_create_product_and_verify_db[deepseek\u5468\u8fb9-29.9-100]" time="0.035" /><testcase classname="test_products_api.TestProductAPI" name="test_create_product_and_verify_db[\u6d4b\u8bd50\u5e93\u5b58\u5546\u54c1-9.9-0]" time="0.031" /><testcase classname="test_products_api.TestProductAPI" name="test_update_product[\u539f\u59cb\u732a\u732a-\u4fee\u6539\u540e\u7684\u732a\u732a-99.9-50]" time="0.040" /><testcase classname="test_products_api.TestProductAPI" name="test_update_product[\u539f\u59cb\u5c0f\u6df1-\u4fee\u6539\u540e\u7684\u5c0f\u6df1-199.9-100]" time="0.042" /><testcase classname="test_products_api.TestProductAPI" name="test_create_product_price_zero" time="0.003" /><testcase classname="test_products_api.TestProductAPI" name="test_create_product_price_negative" time="0.003" /><testcase classname="test_products_api.TestProductAPI" name="test_create_product_price_min" time="0.010" /><testcase classname="test_products_api.TestProductAPI" name="test_create_product_stock_zero" time="0.010" /><testcase classname="test_products_api.TestProductAPI" name="test_create_product_stock_negative" time="0.003" /><testcase classname="test_products_api.TestProductAPI" name="test_create_product_name_empty" time="0.004" /><testcase classname="test_products_api.TestProductAPI" name="test_get_product_not_exists" time="0.006" /><testcase classname="test_products_api.TestProductAPI" name="test_update_product_not_exists" time="0.005" /><testcase classname="test_products_api.TestProductAPI" name="test_update_product_price_zero" time="0.021" /><testcase classname="test_products_api.TestProductAPI" name="test_update_product_price_negative" time="0.025" /><testcase classname="test_products_api.TestProductAPI" name="test_delete_product_not_exists" time="0.005" /><testcase classname="test_user_api.TestUserAPI" name="test_register[\u5c0f\u732a-pass123]" time="0.026" /><testcase classname="test_user_api.TestUserAPI" name="test_register[\u5c0f\u6df1-pass456]" time="0.024" /><testcase classname="test_user_api.TestUserAPI" name="test_register_duplicate" time="0.030" /><testcase classname="test_user_api.TestUserAPI" name="test_login_success[login_user_a-pass_a]" time="0.040" /><testcase classname="test_user_api.TestUserAPI" name="test_login_success[login_user_b-pass_b]" time="0.031" /><testcase classname="test_user_api.TestUserAPI" name="test_login_empty_username" time="0.003" /><testcase classname="test_user_api.TestUserAPI" name="test_login_empty_password" time="0.004" /><testcase classname="test_user_api.TestUserAPI" name="test_login_username_too_long" time="0.004" /><testcase classname="test_user_api.TestUserAPI" name="test_login_password_too_long" time="0.004" /></testsuite></testsuites>