<?xml version="1.0" encoding="utf-8"?><testsuites name="pytest tests"><testsuite name="pytest" errors="0" failures="0" skipped="0" tests="51" time="2.279" timestamp="2026-09-21T14:21:51.796077+08:00" hostname="LAPTOP-EN4LK9RJ"><testcase classname="test_cart_api.TestCartAPI" name="test_add_to_cart[1-1-2-200]" time="0.083" /><testcase classname="test_cart_api.TestCartAPI" name="test_add_to_cart[9999-1-2-404]" time="0.038" /><testcase classname="test_cart_api.TestCartAPI" name="test_add_to_cart[1-9999-2-404]" time="0.035" /><testcase classname="test_cart_api.TestCartAPI" name="test_add_to_cart[1-1-99999-400]" time="0.058" /><testcase classname="test_cart_api.TestCartAPI" name="test_add_to_cart[1-1-0-422]" time="0.056" /><testcase classname="test_cart_api.TestCartAPI" name="test_add_to_cart[1-1--1-422]" time="0.051" /><testcase classname="test_cart_api.TestCartAPI" name="test_get_cart" time="0.055" /><testcase classname="test_cart_api.TestCartAPI" name="test_update_cart_quantity" time="0.066" /><testcase classname="test_cart_api.TestCartAPI" name="test_update_cart_not_exists" time="0.005" /><testcase classname="test_cart_api.TestCartAPI" name="test_delete_cart_item" time="0.074" /><testcase classname="test_cart_api.TestCartAPI" name="test_delete_cart_not_exists" time="0.007" /><testcase classname="test_cart_api.TestCartAPI" name="test_clear_cart" time="0.073" /><testcase classname="test_order_api.TestOrderAPI" name="test_create_order" time="0.081" /><testcase classname="test_order_api.TestOrderAPI" name="test_get_order_by_id" time="0.077" /><testcase classname="test_order_api.TestOrderAPI" name="test_get_user_orders" time="0.092" /><testcase classname="test_order_api.TestOrderAPI" name="test_cancel_order" time="0.109" /><testcase classname="test_order_api.TestOrderAPI" name="test_create_order_invalid_params[\u6570\u91cf\u4e3a0-payload0]" time="0.011" /><testcase classname="test_order_api.TestOrderAPI" name="test_create_order_invalid_params[\u6570\u91cf\u4e3a\u8d1f-payload1]" time="0.008" /><testcase classname="test_order_api.TestOrderAPI" name="test_create_order_invalid_params[user_id\u4e3a\u8d1f-payload2]" time="0.007" /><testcase classname="test_order_api.TestOrderAPI" name="test_create_order_invalid_params[\u5546\u54c1id\u4e3a\u8d1f-payload3]" time="0.010" /><testcase classname="test_order_api.TestOrderAPI" name="test_create_order_invalid_params[\u7f3a\u5c11\u6570\u91cf\u5b57\u6bb5-payload4]" time="0.010" /><testcase classname="test_order_api.TestOrderAPI" name="test_create_order_user_not_exists" time="0.032" /><testcase classname="test_order_api.TestOrderAPI" name="test_create_order_product_not_exists" time="0.033" /><testcase classname="test_order_api.TestOrderAPI" name="test_create_order_stock_insufficient" time="0.067" /><testcase classname="test_order_api.TestOrderAPI" name="test_cancel_order_not_exists" time="0.006" /><testcase classname="test_order_api.TestOrderAPI" name="test_cancel_order_already_cancelled" time="0.090" /><testcase classname="test_products_api.TestProductAPI" name="test_create_product_and_verify_db[\u732a\u732a\u73a9\u5076-12.99-50]" time="0.036" /><testcase classname="test_products_api.TestProductAPI" name="test_create_product_and_verify_db[deepseek\u5468\u8fb9-29.9-100]" time="0.041" /><testcase classname="test_products_api.TestProductAPI" name="test_create_product_and_verify_db[\u6d4b\u8bd50\u5e93\u5b58\u5546\u54c1-9.9-0]" time="0.047" /><testcase classname="test_products_api.TestProductAPI" name="test_update_product[\u539f\u59cb\u732a\u732a-\u4fee\u6539\u540e\u7684\u732a\u732a-99.9-50]" time="0.053" /><testcase classname="test_products_api.TestProductAPI" name="test_update_product[\u539f\u59cb\u5c0f\u6df1-\u4fee\u6539\u540e\u7684\u5c0f\u6df1-199.9-100]" time="0.052" /><testcase classname="test_products_api.TestProductAPI" name="test_create_product_price_zero" time="0.005" /><testcase classname="test_products_api.TestProductAPI" name="test_create_product_price_negative" time="0.005" /><testcase classname="test_products_api.TestProductAPI" name="test_create_product_price_min" time="0.013" /><testcase classname="test_products_api.TestProductAPI" name="test_create_product_stock_zero" time="0.012" /><testcase classname="test_products_api.TestProductAPI" name="test_create_product_stock_negative" time="0.004" /><testcase classname="test_products_api.TestProductAPI" name="test_create_product_name_empty" time="0.003" /><testcase classname="test_products_api.TestProductAPI" name="test_get_product_not_exists" time="0.011" /><testcase classname="test_products_api.TestProductAPI" name="test_update_product_not_exists" time="0.007" /><testcase classname="test_products_api.TestProductAPI" name="test_update_product_price_zero" time="0.028" /><testcase classname="test_products_api.TestProductAPI" name="test_update_product_price_negative" time="0.029" /><testcase classname="test_products_api.TestProductAPI" name="test_delete_product_not_exists" time="0.010" /><testcase classname="test_user_api.TestUserAPI" name="test_register[\u5c0f\u732a-pass123]" time="0.033" /><testcase classname="test_user_api.TestUserAPI" name="test_register[\u5c0f\u6df1-pass456]" time="0.030" /><testcase classname="test_user_api.TestUserAPI" name="test_register_duplicate" time="0.026" /><testcase classname="test_user_api.TestUserAPI" name="test_login_success[login_user_a-pass_a]" time="0.046" /><testcase classname="test_user_api.TestUserAPI" name="test_login_success[login_user_b-pass_b]" time="0.043" /><testcase classname="test_user_api.TestUserAPI" name="test_login_empty_username" time="0.004" /><testcase classname="test_user_api.TestUserAPI" name="test_login_empty_password" time="0.004" /><testcase classname="test_user_api.TestUserAPI" name="test_login_username_too_long" time="0.005" /><testcase classname="test_user_api.TestUserAPI" name="test_login_password_too_long" time="0.005" /></testsuite></testsuites>